<?xml version="1.0" encoding="utf-8"?><testsuites name="pytest tests"><testsuite name="pytest" errors="0" failures="0" skipped="0" tests="10" time="9.549" timestamp="2026-05-06T11:49:51.849830+00:00" hostname="agent-env-f3dca29d-a2de-4a48-9087-4a6488947d61"><testcase classname="backend.tests.test_qs_workflow" name="test_qs_project_create_and_list" time="1.703" /><testcase classname="backend.tests.test_qs_workflow" name="test_qs_revision_create_and_list" time="1.230" /><testcase classname="backend.tests.test_qs_workflow" name="test_qs_revision_invalid_project_returns_404" time="0.316" /><testcase classname="backend.tests.test_qs_workflow" name="test_qs_measurements_upsert_and_list_persistence" time="1.349" /><testcase classname="backend.tests.test_qs_workflow" name="test_qs_measurements_invalid_version_returns_404" time="0.338" /><testcase classname="backend.tests.test_qs_workflow" name="test_qs_boq_upsert_and_list_persistence" time="1.229" /><testcase classname="backend.tests.test_qs_workflow" name="test_qs_rates_material_and_labour_upsert_and_list" time="1.249" /><testcase classname="backend.tests.test_qs_workflow" name="test_qs_export_log_create_and_list" time="1.146" /><testcase classname="backend.tests.test_qs_weather_regression" name="test_api_root_available" time="0.637" /><testcase classname="backend.tests.test_qs_weather_regression" name="test_weather_forecast_fallback_without_openweather_key" time="0.303" /></testsuite></testsuites>