<?xml version="1.0" encoding="utf-8"?><testsuites name="pytest tests"><testsuite name="pytest" errors="0" failures="0" skipped="0" tests="19" time="19.868" timestamp="2026-05-06T11:33:14.164802+00:00" hostname="agent-env-f14ed593-0c7e-414d-83bf-00284feb4df2"><testcase classname="backend.tests.test_qs_workflow" name="test_qs_project_create_and_list" time="0.409" /><testcase classname="backend.tests.test_qs_workflow" name="test_qs_revision_create_and_list" time="0.562" /><testcase classname="backend.tests.test_qs_workflow" name="test_qs_revision_invalid_project_returns_404" time="0.098" /><testcase classname="backend.tests.test_qs_workflow" name="test_qs_measurements_upsert_and_list_persistence" time="0.358" /><testcase classname="backend.tests.test_qs_workflow" name="test_qs_measurements_invalid_version_returns_404" time="0.094" /><testcase classname="backend.tests.test_qs_workflow" name="test_qs_boq_upsert_and_list_persistence" time="0.384" /><testcase classname="backend.tests.test_qs_workflow" name="test_qs_rates_material_and_labour_upsert_and_list" time="0.332" /><testcase classname="backend.tests.test_qs_workflow" name="test_qs_export_log_create_and_list" time="0.330" /><testcase classname="backend.tests.test_qs_weather_regression" name="test_api_root_available" time="0.241" /><testcase classname="backend.tests.test_qs_weather_regression" name="test_weather_forecast_fallback_without_openweather_key" time="0.089" /><testcase classname="backend.tests.test_drawing_analyzer_enhancements" name="test_analyze_png_with_calibration_and_confidence" time="5.826" /><testcase classname="backend.tests.test_drawing_analyzer_enhancements" name="test_analyze_jpg_flow_works" time="5.007" /><testcase classname="backend.tests.test_drawing_analyzer_enhancements" name="test_analyze_pdf_flow_works" time="5.532" /><testcase classname="backend.tests.test_drawing_analyzer_enhancements" name="test_history_endpoint_lists_recent_analyses" time="0.091" /><testcase classname="backend.tests.test_drawing_analyzer_enhancements" name="test_compare_endpoint_returns_deltas" time="0.182" /><testcase classname="backend.tests.test_drawing_analyzer_enhancements" name="test_regression_core_api_pages_load[/api/]" time="0.085" /><testcase classname="backend.tests.test_drawing_analyzer_enhancements" name="test_regression_core_api_pages_load[/api/market-rates?refresh_frequency=weekly]" time="0.067" /><testcase classname="backend.tests.test_drawing_analyzer_enhancements" name="test_regression_core_api_pages_load[/api/projects?limit=1]" time="0.058" /><testcase classname="backend.tests.test_drawing_analyzer_enhancements" name="test_regression_core_api_pages_load[/api/suppliers/rates?limit=1]" time="0.055" /></testsuite></testsuites>