<?xml version="1.0" encoding="utf-8"?><testsuites name="pytest tests"><testsuite name="pytest" errors="0" failures="0" skipped="0" tests="33" time="11.133" timestamp="2026-05-06T10:18:12.802209+00:00" hostname="agent-env-f14ed593-0c7e-414d-83bf-00284feb4df2"><testcase classname="backend.tests.test_api_core" name="test_api_root_health" time="0.131" /><testcase classname="backend.tests.test_api_core" name="test_estimate_generation_returns_detailed_materials_and_schedule" time="0.052" /><testcase classname="backend.tests.test_api_core" name="test_save_project_then_list_contains_saved_project" time="0.194" /><testcase classname="backend.tests.test_api_core" name="test_get_project_by_id_returns_saved_payload" time="0.094" /><testcase classname="backend.tests.test_api_core" name="test_chat_session_creation_message_and_history" time="7.826" /><testcase classname="backend.tests.test_drawing_analyzer" name="test_drawing_analyzer_rejects_unsupported_format" time="0.136" /><testcase classname="backend.tests.test_drawing_analyzer" name="test_drawing_analyzer_png_hybrid_returns_boq_cost_warnings_and_comparison" time="0.061" /><testcase classname="backend.tests.test_drawing_analyzer" name="test_drawing_analyzer_pdf_path_converts_and_returns_schedule" time="0.065" /><testcase classname="backend.tests.test_drawing_analyzer_enhancements" name="test_analyze_png_with_calibration_and_confidence" time="0.109" /><testcase classname="backend.tests.test_drawing_analyzer_enhancements" name="test_analyze_jpg_flow_works" time="0.053" /><testcase classname="backend.tests.test_drawing_analyzer_enhancements" name="test_analyze_pdf_flow_works" time="0.058" /><testcase classname="backend.tests.test_drawing_analyzer_enhancements" name="test_history_endpoint_lists_recent_analyses" time="0.048" /><testcase classname="backend.tests.test_drawing_analyzer_enhancements" name="test_compare_endpoint_returns_deltas" time="0.099" /><testcase classname="backend.tests.test_drawing_analyzer_enhancements" name="test_regression_core_api_pages_load[/api/]" time="0.044" /><testcase classname="backend.tests.test_drawing_analyzer_enhancements" name="test_regression_core_api_pages_load[/api/market-rates?refresh_frequency=weekly]" time="0.051" /><testcase classname="backend.tests.test_drawing_analyzer_enhancements" name="test_regression_core_api_pages_load[/api/projects?limit=1]" time="0.053" /><testcase classname="backend.tests.test_drawing_analyzer_enhancements" name="test_regression_core_api_pages_load[/api/suppliers/rates?limit=1]" time="0.048" /><testcase classname="backend.tests.test_market_supplier_whatsapp" name="test_market_settings_save_and_fetch" time="0.153" /><testcase classname="backend.tests.test_market_supplier_whatsapp" name="test_supplier_submission_persists_and_is_listed" time="0.107" /><testcase classname="backend.tests.test_market_supplier_whatsapp" name="test_market_rates_source_count_updates_after_manual_source" time="0.101" /><testcase classname="backend.tests.test_market_supplier_whatsapp" name="test_estimate_contains_local_rates_comparison_and_optimized_schedule" time="0.051" /><testcase classname="backend.tests.test_market_supplier_whatsapp" name="test_contractor_comparison_manual_input_overrides_baseline" time="0.050" /><testcase classname="backend.tests.test_market_supplier_whatsapp" name="test_price_trend_endpoint_returns_points_after_rate_aggregation" time="0.096" /><testcase classname="backend.tests.test_market_supplier_whatsapp" name="test_whatsapp_structured_payload_ingestion_updates_supplier_rates" time="0.111" /><testcase classname="backend.tests.test_market_supplier_whatsapp" name="test_saved_projects_list_endpoint_schema_compatibility" time="0.089" /><testcase classname="backend.tests.test_qs_workflow" name="test_qs_project_create_and_list" time="0.152" /><testcase classname="backend.tests.test_qs_workflow" name="test_qs_revision_create_and_list" time="0.178" /><testcase classname="backend.tests.test_qs_workflow" name="test_qs_revision_invalid_project_returns_404" time="0.044" /><testcase classname="backend.tests.test_qs_workflow" name="test_qs_measurements_upsert_and_list_persistence" time="0.186" /><testcase classname="backend.tests.test_qs_workflow" name="test_qs_measurements_invalid_version_returns_404" time="0.045" /><testcase classname="backend.tests.test_qs_workflow" name="test_qs_boq_upsert_and_list_persistence" time="0.178" /><testcase classname="backend.tests.test_qs_workflow" name="test_qs_rates_material_and_labour_upsert_and_list" time="0.180" /><testcase classname="backend.tests.test_qs_workflow" name="test_qs_export_log_create_and_list" time="0.221" /></testsuite></testsuites>